[0.743s] Invoking command in '/root/Desktop/face': PYTHONPATH=/root/Desktop/face/build/face/prefix_override:/usr/local/lib/python3.11/site-packages/colcon_core/task/python/colcon_distutils_commands:/root/Desktop/face/install/face/lib/python3.11/site-packages:${PYTHONPATH} _=/usr/bin/env /usr/bin/python3 -W ignore:setup.py install is deprecated -W ignore:easy_install command is deprecated setup.py egg_info --egg-base build/face build --build-base /root/Desktop/face/build/face/build install --record /root/Desktop/face/build/face/install.log --single-version-externally-managed install_data
[0.990s] running egg_info
[1.009s] writing build/face/face.egg-info/PKG-INFO
[1.009s] writing dependency_links to build/face/face.egg-info/dependency_links.txt
[1.009s] writing entry points to build/face/face.egg-info/entry_points.txt
[1.009s] writing requirements to build/face/face.egg-info/requires.txt
[1.009s] writing top-level names to build/face/face.egg-info/top_level.txt
[1.147s] reading manifest file 'build/face/face.egg-info/SOURCES.txt'
[1.147s] writing manifest file 'build/face/face.egg-info/SOURCES.txt'
[1.148s] running build
[1.148s] running build_py
[1.148s] copying face/face.py -> /root/Desktop/face/build/face/build/lib/face
[1.148s] running install
[1.154s] running install_lib
[1.172s] copying /root/Desktop/face/build/face/build/lib/face/face.py -> /root/Desktop/face/install/face/lib/python3.11/site-packages/face
[1.172s] byte-compiling /root/Desktop/face/install/face/lib/python3.11/site-packages/face/face.py to face.cpython-311.pyc
[1.173s] running install_data
[1.173s] running install_egg_info
[1.193s] removing '/root/Desktop/face/install/face/lib/python3.11/site-packages/face-0.0.0-py3.11.egg-info' (and everything under it)
[1.193s] Copying build/face/face.egg-info to /root/Desktop/face/install/face/lib/python3.11/site-packages/face-0.0.0-py3.11.egg-info
[1.194s] running install_scripts
[1.264s] Installing face script to /root/Desktop/face/install/face/lib/face
[1.264s] writing list of installed files to '/root/Desktop/face/build/face/install.log'
[1.287s] Invoked command in '/root/Desktop/face' returned '0': PYTHONPATH=/root/Desktop/face/build/face/prefix_override:/usr/local/lib/python3.11/site-packages/colcon_core/task/python/colcon_distutils_commands:/root/Desktop/face/install/face/lib/python3.11/site-packages:${PYTHONPATH} _=/usr/bin/env /usr/bin/python3 -W ignore:setup.py install is deprecated -W ignore:easy_install command is deprecated setup.py egg_info --egg-base build/face build --build-base /root/Desktop/face/build/face/build install --record /root/Desktop/face/build/face/install.log --single-version-externally-managed install_data
