[0.774s] Invoking command in '/root/Desktop/face': PYTHONPATH=/root/Desktop/face/build/face/prefix_override:/usr/local/lib/python3.11/site-packages/colcon_core/task/python/colcon_distutils_commands:/root/Desktop/face/install/face/lib/python3.11/site-packages:${PYTHONPATH} _=/usr/bin/env /usr/bin/python3 -W ignore:setup.py install is deprecated -W ignore:easy_install command is deprecated setup.py egg_info --egg-base build/face build --build-base /root/Desktop/face/build/face/build install --record /root/Desktop/face/build/face/install.log --single-version-externally-managed install_data
[1.017s] running egg_info
[1.036s] writing build/face/face.egg-info/PKG-INFO
[1.037s] writing dependency_links to build/face/face.egg-info/dependency_links.txt
[1.037s] writing entry points to build/face/face.egg-info/entry_points.txt
[1.037s] writing requirements to build/face/face.egg-info/requires.txt
[1.037s] writing top-level names to build/face/face.egg-info/top_level.txt
[1.174s] reading manifest file 'build/face/face.egg-info/SOURCES.txt'
[1.174s] writing manifest file 'build/face/face.egg-info/SOURCES.txt'
[1.174s] running build
[1.174s] running build_py
[1.175s] copying face/face.py -> /root/Desktop/face/build/face/build/lib/face
[1.175s] running install
[1.181s] running install_lib
[1.199s] copying /root/Desktop/face/build/face/build/lib/face/face.py -> /root/Desktop/face/install/face/lib/python3.11/site-packages/face
[1.199s] byte-compiling /root/Desktop/face/install/face/lib/python3.11/site-packages/face/face.py to face.cpython-311.pyc
[1.200s] running install_data
[1.200s] running install_egg_info
[1.221s] removing '/root/Desktop/face/install/face/lib/python3.11/site-packages/face-0.0.0-py3.11.egg-info' (and everything under it)
[1.221s] Copying build/face/face.egg-info to /root/Desktop/face/install/face/lib/python3.11/site-packages/face-0.0.0-py3.11.egg-info
[1.221s] running install_scripts
[1.290s] Installing face script to /root/Desktop/face/install/face/lib/face
[1.290s] writing list of installed files to '/root/Desktop/face/build/face/install.log'
[1.313s] Invoked command in '/root/Desktop/face' returned '0': PYTHONPATH=/root/Desktop/face/build/face/prefix_override:/usr/local/lib/python3.11/site-packages/colcon_core/task/python/colcon_distutils_commands:/root/Desktop/face/install/face/lib/python3.11/site-packages:${PYTHONPATH} _=/usr/bin/env /usr/bin/python3 -W ignore:setup.py install is deprecated -W ignore:easy_install command is deprecated setup.py egg_info --egg-base build/face build --build-base /root/Desktop/face/build/face/build install --record /root/Desktop/face/build/face/install.log --single-version-externally-managed install_data
