[0.750s] Invoking command in '/root/Desktop/face': PYTHONPATH=/root/Desktop/face/build/face/prefix_override:/usr/local/lib/python3.11/site-packages/colcon_core/task/python/colcon_distutils_commands:/root/Desktop/face/install/face/lib/python3.11/site-packages:${PYTHONPATH} _=/usr/bin/env /usr/bin/python3 -W ignore:setup.py install is deprecated -W ignore:easy_install command is deprecated setup.py egg_info --egg-base build/face build --build-base /root/Desktop/face/build/face/build install --record /root/Desktop/face/build/face/install.log --single-version-externally-managed install_data
[0.999s] running egg_info
[1.017s] writing build/face/face.egg-info/PKG-INFO
[1.017s] writing dependency_links to build/face/face.egg-info/dependency_links.txt
[1.018s] writing entry points to build/face/face.egg-info/entry_points.txt
[1.018s] writing requirements to build/face/face.egg-info/requires.txt
[1.018s] writing top-level names to build/face/face.egg-info/top_level.txt
[1.155s] reading manifest file 'build/face/face.egg-info/SOURCES.txt'
[1.155s] writing manifest file 'build/face/face.egg-info/SOURCES.txt'
[1.156s] running build
[1.156s] running build_py
[1.156s] copying face/face.py -> /root/Desktop/face/build/face/build/lib/face
[1.156s] running install
[1.162s] running install_lib
[1.180s] copying /root/Desktop/face/build/face/build/lib/face/face.py -> /root/Desktop/face/install/face/lib/python3.11/site-packages/face
[1.181s] byte-compiling /root/Desktop/face/install/face/lib/python3.11/site-packages/face/face.py to face.cpython-311.pyc
[1.181s] running install_data
[1.181s] Sorry: IndentationError: expected an indented block after function definition on line 8 (face.py, line 10)
[1.181s] running install_egg_info
[1.201s] removing '/root/Desktop/face/install/face/lib/python3.11/site-packages/face-0.0.0-py3.11.egg-info' (and everything under it)
[1.201s] Copying build/face/face.egg-info to /root/Desktop/face/install/face/lib/python3.11/site-packages/face-0.0.0-py3.11.egg-info
[1.202s] running install_scripts
[1.274s] Installing face script to /root/Desktop/face/install/face/lib/face
[1.274s] writing list of installed files to '/root/Desktop/face/build/face/install.log'
[1.295s] Invoked command in '/root/Desktop/face' returned '0': PYTHONPATH=/root/Desktop/face/build/face/prefix_override:/usr/local/lib/python3.11/site-packages/colcon_core/task/python/colcon_distutils_commands:/root/Desktop/face/install/face/lib/python3.11/site-packages:${PYTHONPATH} _=/usr/bin/env /usr/bin/python3 -W ignore:setup.py install is deprecated -W ignore:easy_install command is deprecated setup.py egg_info --egg-base build/face build --build-base /root/Desktop/face/build/face/build install --record /root/Desktop/face/build/face/install.log --single-version-externally-managed install_data
