[0.752s] Invoking command in '/root/Desktop/face': PYTHONPATH=/root/Desktop/face/build/face/prefix_override:/usr/local/lib/python3.11/site-packages/colcon_core/task/python/colcon_distutils_commands:/root/Desktop/face/install/face/lib/python3.11/site-packages:${PYTHONPATH} _=/usr/bin/env /usr/bin/python3 -W ignore:setup.py install is deprecated -W ignore:easy_install command is deprecated setup.py egg_info --egg-base build/face build --build-base /root/Desktop/face/build/face/build install --record /root/Desktop/face/build/face/install.log --single-version-externally-managed install_data
[0.996s] running egg_info
[1.016s] writing build/face/face.egg-info/PKG-INFO
[1.016s] writing dependency_links to build/face/face.egg-info/dependency_links.txt
[1.016s] writing entry points to build/face/face.egg-info/entry_points.txt
[1.016s] writing requirements to build/face/face.egg-info/requires.txt
[1.016s] writing top-level names to build/face/face.egg-info/top_level.txt
[1.160s] reading manifest file 'build/face/face.egg-info/SOURCES.txt'
[1.161s] writing manifest file 'build/face/face.egg-info/SOURCES.txt'
[1.161s] running build
[1.162s] running build_py
[1.162s] copying face/face.py -> /root/Desktop/face/build/face/build/lib/face
[1.162s] running install
[1.168s] running install_lib
[1.192s] copying /root/Desktop/face/build/face/build/lib/face/face.py -> /root/Desktop/face/install/face/lib/python3.11/site-packages/face
[1.193s] byte-compiling /root/Desktop/face/install/face/lib/python3.11/site-packages/face/face.py to face.cpython-311.pyc
[1.193s]   File "/root/Desktop/face/install/face/lib/python3.11/site-packages/face/face.py", line 8
[1.193s]     def main()
[1.193s]               ^
[1.193s] SyntaxError: expected ':'
[1.193s] 
[1.194s] running install_data
[1.194s] running install_egg_info
[1.216s] removing '/root/Desktop/face/install/face/lib/python3.11/site-packages/face-0.0.0-py3.11.egg-info' (and everything under it)
[1.216s] Copying build/face/face.egg-info to /root/Desktop/face/install/face/lib/python3.11/site-packages/face-0.0.0-py3.11.egg-info
[1.217s] running install_scripts
[1.289s] Installing face script to /root/Desktop/face/install/face/lib/face
[1.289s] writing list of installed files to '/root/Desktop/face/build/face/install.log'
[1.312s] Invoked command in '/root/Desktop/face' returned '0': PYTHONPATH=/root/Desktop/face/build/face/prefix_override:/usr/local/lib/python3.11/site-packages/colcon_core/task/python/colcon_distutils_commands:/root/Desktop/face/install/face/lib/python3.11/site-packages:${PYTHONPATH} _=/usr/bin/env /usr/bin/python3 -W ignore:setup.py install is deprecated -W ignore:easy_install command is deprecated setup.py egg_info --egg-base build/face build --build-base /root/Desktop/face/build/face/build install --record /root/Desktop/face/build/face/install.log --single-version-externally-managed install_data
