running egg_info
writing build/face/face.egg-info/PKG-INFO
writing dependency_links to build/face/face.egg-info/dependency_links.txt
writing entry points to build/face/face.egg-info/entry_points.txt
writing requirements to build/face/face.egg-info/requires.txt
writing top-level names to build/face/face.egg-info/top_level.txt
reading manifest file 'build/face/face.egg-info/SOURCES.txt'
writing manifest file 'build/face/face.egg-info/SOURCES.txt'
running build
running build_py
copying face/face.py -> /root/Desktop/face/build/face/build/lib/face
running install
running install_lib
copying /root/Desktop/face/build/face/build/lib/face/face.py -> /root/Desktop/face/install/face/lib/python3.11/site-packages/face
byte-compiling /root/Desktop/face/install/face/lib/python3.11/site-packages/face/face.py to face.cpython-311.pyc
running install_data
running install_egg_info
Sorry: IndentationError: unindent does not match any outer indentation level (face.py, line 46)
removing '/root/Desktop/face/install/face/lib/python3.11/site-packages/face-0.0.0-py3.11.egg-info' (and everything under it)
Copying build/face/face.egg-info to /root/Desktop/face/install/face/lib/python3.11/site-packages/face-0.0.0-py3.11.egg-info
running install_scripts
Installing face script to /root/Desktop/face/install/face/lib/face
writing list of installed files to '/root/Desktop/face/build/face/install.log'
