running egg_info
creating build/face/face.egg-info
writing build/face/face.egg-info/PKG-INFO
writing dependency_links to build/face/face.egg-info/dependency_links.txt
writing entry points to build/face/face.egg-info/entry_points.txt
writing requirements to build/face/face.egg-info/requires.txt
writing top-level names to build/face/face.egg-info/top_level.txt
writing manifest file 'build/face/face.egg-info/SOURCES.txt'
reading manifest file 'build/face/face.egg-info/SOURCES.txt'
writing manifest file 'build/face/face.egg-info/SOURCES.txt'
running build
running build_py
creating /root/Desktop/face/build/face/build
creating /root/Desktop/face/build/face/build/lib
creating /root/Desktop/face/build/face/build/lib/face
copying face/__init__.py -> /root/Desktop/face/build/face/build/lib/face
copying face/face.py -> /root/Desktop/face/build/face/build/lib/face
running install
running install_lib
creating /root/Desktop/face/install/face/lib/python3.11/site-packages/face
copying /root/Desktop/face/build/face/build/lib/face/__init__.py -> /root/Desktop/face/install/face/lib/python3.11/site-packages/face
copying /root/Desktop/face/build/face/build/lib/face/face.py -> /root/Desktop/face/install/face/lib/python3.11/site-packages/face
byte-compiling /root/Desktop/face/install/face/lib/python3.11/site-packages/face/__init__.py to __init__.cpython-311.pyc
byte-compiling /root/Desktop/face/install/face/lib/python3.11/site-packages/face/face.py to face.cpython-311.pyc
running install_data
creating /root/Desktop/face/install/face/share/ament_index
creating /root/Desktop/face/install/face/share/ament_index/resource_index
creating /root/Desktop/face/install/face/share/ament_index/resource_index/packages
copying resource/face -> /root/Desktop/face/install/face/share/ament_index/resource_index/packages
copying package.xml -> /root/Desktop/face/install/face/share/face
running install_egg_info
Copying build/face/face.egg-info to /root/Desktop/face/install/face/lib/python3.11/site-packages/face-0.0.0-py3.11.egg-info
running install_scripts
Installing face script to /root/Desktop/face/install/face/lib/face
writing list of installed files to '/root/Desktop/face/build/face/install.log'
